android/app/build/outputs/mapping/release/seeds.txt
com.craftguru.app.MainActivity$setupWebView$3
com.craftguru.app.UrlPolicy
com.craftguru.app.R$color
com.craftguru.app.NetworkMonitor$callback$1
com.craftguru.app.NetworkMonitor
com.craftguru.app.MainActivity$setupWebView$5
com.craftguru.app.R$drawable
com.craftguru.app.NativeBridge
com.craftguru.app.R$id
com.craftguru.app.MainActivity$setupBackNavigation$1
com.craftguru.app.MainActivity$setupWebView$2
com.craftguru.app.R
com.craftguru.app.MainActivity$setupWebView$4
com.craftguru.app.R$style
com.craftguru.app.R$xml
com.craftguru.app.databinding.ActivityMainBinding
com.craftguru.app.SplashActivity
com.craftguru.app.R$mipmap
com.craftguru.app.BuildConfig
com.craftguru.app.fcm.CraftGuruFirebaseMessagingService
com.craftguru.app.MainActivity$setupNetworkMonitor$1
com.craftguru.app.CraftGuruChromeClient
com.craftguru.app.MainActivity
com.craftguru.app.CraftGuruDownloadListener
com.craftguru.app.R$string
com.craftguru.app.CraftGuruWebViewClient
com.craftguru.app.CraftGuruApplication
com.craftguru.app.databinding.ActivitySplashBinding
com.craftguru.app.R$layout
com.craftguru.app.R$color: int cg_teal
com.craftguru.app.R$layout: int activity_splash
com.craftguru.app.databinding.ActivityMainBinding: android.webkit.WebView webView
com.craftguru.app.MainActivity$setupWebView$2: com.craftguru.app.MainActivity this$0
com.craftguru.app.R$color: int ic_launcher_background
com.craftguru.app.R$color: int cg_teal_dark
com.craftguru.app.databinding.ActivityMainBinding: android.widget.FrameLayout rootView
com.craftguru.app.databinding.ActivityMainBinding: android.widget.ProgressBar progressBar
com.craftguru.app.MainActivity$setupNetworkMonitor$1: com.craftguru.app.MainActivity this$0
com.craftguru.app.R$color: int cg_page_bg
com.craftguru.app.R$layout: int activity_main
com.craftguru.app.BuildConfig: java.lang.String WEB_BASE_URL
com.craftguru.app.databinding.ActivitySplashBinding: android.widget.ImageView splashLogo
com.craftguru.app.UrlPolicy: com.craftguru.app.UrlPolicy INSTANCE
com.craftguru.app.R$drawable: int ic_launcher_foreground
com.craftguru.app.databinding.ActivitySplashBinding: androidx.constraintlayout.widget.ConstraintLayout rootView
com.craftguru.app.BuildConfig: java.lang.String VERSION_NAME
com.craftguru.app.UrlPolicy: java.util.Set allowedHosts
com.craftguru.app.R$mipmap: int ic_launcher_round
com.craftguru.app.NetworkMonitor: kotlin.jvm.functions.Function1 onChanged
com.craftguru.app.R$string: int download_failed
com.craftguru.app.MainActivity$setupBackNavigation$1: com.craftguru.app.MainActivity this$0
com.craftguru.app.BuildConfig: java.lang.String API_BASE_URL
com.craftguru.app.MainActivity: androidx.activity.result.ActivityResultLauncher pickDocuments
com.craftguru.app.databinding.ActivityMainBinding: android.widget.TextView offlineBanner
com.craftguru.app.R$string: int choose_file
com.craftguru.app.R$style: int Theme_CraftGuru_Splash
com.craftguru.app.R$string: int action_share
com.craftguru.app.MainActivity: android.webkit.ValueCallback filePathCallback
com.craftguru.app.R$xml: int network_security_config
com.craftguru.app.MainActivity: androidx.activity.result.ActivityResultLauncher requestCameraPermission
com.craftguru.app.R$string: int app_name
com.craftguru.app.R$id: int splashLogo
com.craftguru.app.R$color: int cg_splash_bg
com.craftguru.app.NetworkMonitor: android.net.ConnectivityManager connectivityManager
com.craftguru.app.NetworkMonitor$callback$1: com.craftguru.app.NetworkMonitor this$0
com.craftguru.app.CraftGuruWebViewClient: java.lang.String webBase
com.craftguru.app.R$string: int download_started
com.craftguru.app.databinding.ActivityMainBinding: androidx.swiperefreshlayout.widget.SwipeRefreshLayout swipeRefresh
com.craftguru.app.CraftGuruChromeClient: kotlin.jvm.functions.Function2 onShowFileChooser
com.craftguru.app.MainActivity: androidx.activity.result.ActivityResultLauncher takePicture
com.craftguru.app.MainActivity: android.net.Uri cameraCaptureUri
...
com.google.android.material.textfield.MaterialAutoCompleteTextView: float getPopupElevation()
com.google.android.material.chip.Chip: android.content.res.ColorStateList getChipBackgroundColor()
com.google.android.material.chip.Chip: void setCloseIconTint(android.content.res.ColorStateList)
androidx.constraintlayout.helper.widget.Flow: void setHorizontalStyle(int)
com.google.android.material.behavior.HideBottomViewOnScrollBehavior: HideBottomViewOnScrollBehavior(android.content.Context,android.util.AttributeSet)
com.google.android.material.textfield.TextInputLayout: float getBoxCornerRadiusBottomStart()
org.chromium.support_lib_boundary.ServiceWorkerClientBoundaryInterface: android.webkit.WebResourceResponse shouldInterceptRequest(android.webkit.WebResourceRequest)
androidx.core.os.BundleApi21ImplKt: void putSizeF(android.os.Bundle,java.lang.String,android.util.SizeF)
androidx.activity.ComponentActivity: void onMultiWindowModeChanged(boolean,android.content.res.Configuration)
com.google.android.material.button.MaterialButton: void setStrokeColorResource(int)
androidx.appcompat.widget.FitWindowsFrameLayout: FitWindowsFrameLayout(android.content.Context,android.util.AttributeSet)
androidx.recyclerview.widget.RecyclerView: androidx.recyclerview.widget.RecyclerViewAccessibilityDelegate getCompatAccessibilityDelegate()
androidx.core.view.WindowInsetsCompat$BuilderImpl20: void setSystemWindowInsets(androidx.core.graphics.Insets)
com.google.android.material.timepicker.ClockHandView: ClockHandView(android.content.Context,android.util.AttributeSet)
com.google.android.material.chip.Chip: float getIconEndPadding()
androidx.appcompat.widget.LinearLayoutCompat: int getGravity()
androidx.appcompat.widget.Toolbar: void setCollapseContentDescription(java.lang.CharSequence)
com.google.android.material.textfield.TextInputLayout: void setMinWidth(int)
androidx.vectordrawable.graphics.drawable.VectorDrawableCompat$VGroup: float getTranslateY()
androidx.appcompat.widget.AppCompatTextView: void setSupportCompoundDrawablesTintList(android.content.res.ColorStateList)
com.google.android.material.chip.Chip: com.google.android.material.shape.ShapeAppearanceModel getShapeAppearanceModel()
com.google.android.material.textfield.TextInputLayout: float getBoxCornerRadiusTopEnd()
androidx.vectordrawable.graphics.drawable.VectorDrawableCompat$VPathRenderer: void setRootAlpha(int)
androidx.constraintlayout.helper.widget.Flow: void setHorizontalBias(float)
com.google.android.material.chip.Chip: void setInternalOnCheckedChangeListener(com.google.android.material.internal.MaterialCheckable$OnCheckedChangeListener)
androidx.appcompat.widget.AppCompatTextHelper$Api28Impl: android.graphics.Typeface create(android.graphics.Typeface,int,boolean)
com.google.android.material.chip.Chip: android.graphics.RectF getCloseIconTouchBounds()
androidx.core.widget.NestedScrollView: NestedScrollView(android.content.Context,android.util.AttributeSet)
androidx.appcompat.widget.AppCompatCheckBox: androidx.appcompat.widget.AppCompatEmojiTextHelper getEmojiTextViewHelper()
androidx.appcompat.widget.LinearLayoutCompat: android.graphics.drawable.Drawable getDividerDrawable()
androidx.core.app.NotificationCompatBuilder$Api20Impl: android.app.Notification$Builder setGroup(android.app.Notification$Builder,java.lang.String)
androidx.core.view.ViewCompat$Api21Impl: boolean isImportantForAccessibility(android.view.View)
androidx.transition.Transition$Impl26: void setCurrentPlayTime(android.animation.Animator,long)
androidx.fragment.app.FragmentActivity: void supportFinishAfterTransition()
androidx.appcompat.widget.AppCompatToggleButton: void setSupportCompoundDrawablesTintList(android.content.res.ColorStateList)
androidx.fragment.app.SpecialEffectsController$Operation$State: androidx.fragment.app.SpecialEffectsController$Operation$State valueOf(java.lang.String)
androidx.appcompat.widget.AppCompatImageButton: void setSupportBackgroundTintList(android.content.res.ColorStateList)