android/app/build/outputs/mapping/release/mapping.txt
# compiler: R8
# compiler_version: 8.5.35
# min_api: 29
# common_typos_disable
# {"id":"com.android.tools.r8.mapping","version":"2.2"}
# pg_map_id: 4b83342
# pg_map_hash: SHA-256 4b83342abceee79015a88f749375b4603a288d576124f0fb00c34434c8d6d286
com.craftguru.app.BuildConfig -> com.craftguru.app.BuildConfig:
# {"id":"sourceFile","fileName":"BuildConfig.java"}
com.craftguru.app.CraftGuruApplication -> com.craftguru.app.CraftGuruApplication:
# {"id":"sourceFile","fileName":"CraftGuruApplication.kt"}
    0:3:void <init>():7:7 -> <init>
    0:2:void onCreate():9:9 -> onCreate
    3:11:void onCreate():11:11 -> onCreate
    12:15:void onCreate():12:12 -> onCreate
com.craftguru.app.CraftGuruChromeClient -> com.craftguru.app.CraftGuruChromeClient:
# {"id":"sourceFile","fileName":"CraftGuruChromeClient.kt"}
    kotlin.jvm.functions.Function1 onProgress -> onProgress
      # {"id":"com.android.tools.r8.residualsignature","signature":"Lb2/l;"}
    kotlin.jvm.functions.Function2 onShowFileChooser -> onShowFileChooser
      # {"id":"com.android.tools.r8.residualsignature","signature":"Lb2/p;"}
    10:12:void <init>(kotlin.jvm.functions.Function2,kotlin.jvm.functions.Function1):11:11 -> <init>
      # {"id":"com.android.tools.r8.residualsignature","signature":"(Lb2/p;Lb2/l;)V"}
    13:14:void <init>(kotlin.jvm.functions.Function2,kotlin.jvm.functions.Function1):9:9 -> <init>
    15:17:void <init>(kotlin.jvm.functions.Function2,kotlin.jvm.functions.Function1):10:10 -> <init>
    0:9:void onProgressChanged(android.webkit.WebView,int):14:14 -> onProgressChanged
    4:10:boolean onShowFileChooser(android.webkit.WebView,android.webkit.ValueCallback,android.webkit.WebChromeClient$FileChooserParams):22:22 -> onShowFileChooser
    11:20:boolean onShowFileChooser(android.webkit.WebView,android.webkit.ValueCallback,android.webkit.WebChromeClient$FileChooserParams):23:23 -> onShowFileChooser
com.craftguru.app.CraftGuruDownloadListener -> com.craftguru.app.CraftGuruDownloadListener:
# {"id":"sourceFile","fileName":"CraftGuruDownloadListener.kt"}
    5:10:void <init>(android.content.Context):12:12 -> <init>
    0:8:void onDownloadStart(java.lang.String,java.lang.String,java.lang.String,java.lang.String,long):20:20 -> onDownloadStart
    9:24:void onDownloadStart(java.lang.String,java.lang.String,java.lang.String,java.lang.String,long):21:21 -> onDownloadStart
    25:28:void onDownloadStart(java.lang.String,java.lang.String,java.lang.String,java.lang.String,long):25:25 -> onDownloadStart
    29:37:void onDownloadStart(java.lang.String,java.lang.String,java.lang.String,java.lang.String,long):26:26 -> onDownloadStart
    38:40:void onDownloadStart(java.lang.String,java.lang.String,java.lang.String,java.lang.String,long):27:27 -> onDownloadStart
    41:53:void onDownloadStart(java.lang.String,java.lang.String,java.lang.String,java.lang.String,long):28:28 -> onDownloadStart
    54:63:void onDownloadStart(java.lang.String,java.lang.String,java.lang.String,java.lang.String,long):29:29 -> onDownloadStart
    64:66:void onDownloadStart(java.lang.String,java.lang.String,java.lang.String,java.lang.String,long):30:30 -> onDownloadStart
    67:69:void onDownloadStart(java.lang.String,java.lang.String,java.lang.String,java.lang.String,long):31:31 -> onDownloadStart
...
com.google.android.material.textfield.DropdownMenuEndIconDelegate$$ExternalSyntheticLambda1 -> u1.h:
# {"id":"sourceFile","fileName":"R8$$SyntheticClass"}
# {"id":"com.android.tools.r8.synthesized"}
    com.google.android.material.textfield.DropdownMenuEndIconDelegate com.google.android.material.textfield.DropdownMenuEndIconDelegate$$InternalSyntheticLambda$2$404030afa46970180069297c8487114867fb53ad75aa67aa01f976671f96ef1e$0.f$0 -> f
      # {"id":"com.android.tools.r8.residualsignature","signature":"Lu1/j;"}
      # {"id":"com.android.tools.r8.synthesized"}
    0:5:void u1.DropdownMenuEndIconDelegate$$ExternalSyntheticLambda1.<init>(u1.DropdownMenuEndIconDelegate):0:0 -> <init>
      # {"id":"com.android.tools.r8.synthesized"}
      # {"id":"com.android.tools.r8.residualsignature","signature":"(Lu1/j;)V"}
    5:12:boolean com.google.android.material.textfield.DropdownMenuEndIconDelegate.lambda$setUpDropdownShowHideBehavior$4(android.view.View,android.view.MotionEvent):285:285 -> onTouch
    13:37:boolean com.google.android.material.textfield.DropdownMenuEndIconDelegate.isDropdownPopupActive():304:304 -> onTouch
    13:37:boolean com.google.android.material.textfield.DropdownMenuEndIconDelegate.lambda$setUpDropdownShowHideBehavior$4(android.view.View,android.view.MotionEvent):286 -> onTouch
    38:39:boolean com.google.android.material.textfield.DropdownMenuEndIconDelegate.lambda$setUpDropdownShowHideBehavior$4(android.view.View,android.view.MotionEvent):287:287 -> onTouch
com.google.android.material.textfield.DropdownMenuEndIconDelegate$$ExternalSyntheticLambda2 -> u1.i:
# {"id":"sourceFile","fileName":"R8$$SyntheticClass"}
# {"id":"com.android.tools.r8.synthesized"}
    com.google.android.material.textfield.DropdownMenuEndIconDelegate com.google.android.material.textfield.DropdownMenuEndIconDelegate$$InternalSyntheticLambda$2$404030afa46970180069297c8487114867fb53ad75aa67aa01f976671f96ef1e$1.f$0 -> a
      # {"id":"com.android.tools.r8.residualsignature","signature":"Lu1/j;"}
      # {"id":"com.android.tools.r8.synthesized"}
    0:5:void u1.DropdownMenuEndIconDelegate$$ExternalSyntheticLambda2.<init>(u1.DropdownMenuEndIconDelegate):0:0 -> <init>
      # {"id":"com.android.tools.r8.synthesized"}
      # {"id":"com.android.tools.r8.residualsignature","signature":"(Lu1/j;)V"}
    1:4:void com.google.android.material.textfield.DropdownMenuEndIconDelegate.updateDropdownPopupDirty():320:320 -> onDismiss
    1:4:void com.google.android.material.textfield.DropdownMenuEndIconDelegate.lambda$setUpDropdownShowHideBehavior$5():296 -> onDismiss
    5:11:void com.google.android.material.textfield.DropdownMenuEndIconDelegate.updateDropdownPopupDirty():321:321 -> onDismiss
    5:11:void com.google.android.material.textfield.DropdownMenuEndIconDelegate.lambda$setUpDropdownShowHideBehavior$5():296 -> onDismiss
    12:15:void com.google.android.material.textfield.DropdownMenuEndIconDelegate.lambda$setUpDropdownShowHideBehavior$5():297:297 -> onDismiss