android/app/build/outputs/mapping/release/usage.txt
com.craftguru.app.MainActivity$$InternalSyntheticLambda$1$9e7cbab4ad584b06895134aab977892f491564e75a3adeca2e3eeb6ebbd4489f$0:
    public final void onRefresh()
com.craftguru.app.MainActivity$$InternalSyntheticLambda$1$9e7cbab4ad584b06895134aab977892f491564e75a3adeca2e3eeb6ebbd4489f$1:
    public final boolean canChildScrollUp()
...
com.google.android.material.shadow.ShadowRenderer:
    public static void drawCornerShadow()
    public static void drawEdgeShadow()
    public static android.graphics.Paint getShadowPaint()
    public final void setShadowColor(int)
com.google.android.material.shape.CornerTreatment:
    public abstract void getCornerPath()
com.google.android.material.shape.CutCornerTreatment:
    public float size
com.google.android.material.shape.EdgeTreatment:
    public static boolean forceIntersection()
    public static void getEdgePath()
com.google.android.material.shape.MaterialShapeDrawable$1:
    public static void onCornerPathCreated()
    public static void onEdgePathCreated()
com.google.android.material.shape.MaterialShapeDrawable$2
com.google.android.material.shape.MaterialShapeDrawable$MaterialShapeDrawableState:
    public android.graphics.ColorFilter colorFilter
com.google.android.material.shape.MaterialShapeDrawable:
    public static final java.lang.String TAG
    public int resolvedTintColor
    public static android.graphics.PorterDuffColorFilter calculatePaintColorTintFilter()
    public final void calculatePathForSize(android.graphics.RectF,android.graphics.Path)
    public static void calculateStrokePath()
    public static android.graphics.PorterDuffColorFilter calculateTintColorTintFilter()
    public static void drawFillShape()
    public static void drawShape()
    public final android.graphics.RectF getBoundsInsetByStroke()
    public static float getElevation$1()
    public static android.content.res.ColorStateList getFillColor()
    public static float getInterpolation()
    public static float getParentAbsoluteElevation()
    public final int getShadowOffsetX()
    public final int getShadowOffsetY()
    public final com.google.android.material.shape.ShapeAppearanceModel getShapeAppearanceModel()
    public final float getStrokeInsetLength()
    public final float getTopLeftCornerResolvedSize()
    public static float getTopRightCornerResolvedSize()
    public static float getTranslationZ$1()
    public final float getZ()
    public static boolean hasCompatShadow()
    public static boolean hasFill()
    public static void invalidateSelfIgnoreShape()
    public static boolean isElevationOverlayEnabled()
    public final boolean isRoundRect()
    public static void maybeDrawCompatShadow()
com.google.android.material.shape.RoundedCornerTreatment:
    public float radius
com.google.android.material.shape.ShapeAppearanceModel$1
com.google.android.material.shape.ShapeAppearanceModel$Builder:
    public static com.google.android.material.shape.ShapeAppearanceModel$Builder setAllCornerSizes()
    public final void setAllCornerSizes(float)
    public static com.google.android.material.shape.ShapeAppearanceModel$Builder setBottomLeftCorner()
    public final void setBottomLeftCorner(int,com.google.android.material.shape.CornerSize)
    public static com.google.android.material.shape.ShapeAppearanceModel$Builder setBottomLeftCornerSize()
    public final void setBottomLeftCornerSize(float)
    public static com.google.android.material.shape.ShapeAppearanceModel$Builder setBottomRightCorner()
    public final void setBottomRightCorner(int,com.google.android.material.shape.CornerSize)
    public static com.google.android.material.shape.ShapeAppearanceModel$Builder setBottomRightCornerSize()
    public final void setBottomRightCornerSize(float)
    public static com.google.android.material.shape.ShapeAppearanceModel$Builder setTopLeftCorner()
    public final void setTopLeftCorner(int,com.google.android.material.shape.CornerSize)
    public static com.google.android.material.shape.ShapeAppearanceModel$Builder setTopLeftCornerSize()
    public final void setTopLeftCornerSize(float)
    public static com.google.android.material.shape.ShapeAppearanceModel$Builder setTopRightCorner()
    public final void setTopRightCorner(int,com.google.android.material.shape.CornerSize)